2026-06-04 20:37:25  INFO      =======================================================
2026-06-04 20:37:25  INFO        🚀  Admitad Telegram Bot  —  Starting …
2026-06-04 20:37:25  INFO        Channel  : @NEYME15
2026-06-04 20:37:25  INFO        Interval : 1 min
2026-06-04 20:37:25  INFO      =======================================================
2026-06-04 20:37:25  INFO      ⬇️   Downloading product feed …
2026-06-04 20:38:34  INFO      ✅  Feed saved  (46,470,122 bytes)
2026-06-04 20:38:36  INFO      📊  Feed loaded — 80,212 rows, sep='\t'
2026-06-04 20:38:36  INFO      📤  Posting: 48 Mega pixels super 4k digital video camera with 3.0'' TFT  (id=62129769831)
2026-06-04 20:38:37  WARNING   ⚠️  Image failed (A request to the Telegram API was unsuccessful. Error code: 400. Description: Bad Request: can't parse entities: Can't find end of the entity starting at byte offset 344), retrying as text-only …
2026-06-04 20:38:37  ERROR     ❌  Unexpected error: A request to the Telegram API was unsuccessful. Error code: 400. Description: Bad Request: can't parse entities: Can't find end of the entity starting at byte offset 344
Traceback (most recent call last):
  File "c:\Users\MOSAD\telegram-alibaba-bot\bot.py", line 226, in post_product
    bot.send_photo(
  File "C:\Users\MOSAD\AppData\Local\Packages\PythonSoftwareFoundation.Python.3.12_qbz5n2kfra8p0\LocalCache\local-packages\Python312\site-packages\telebot\__init__.py", line 2557, in send_photo
    apihelper.send_photo(
  File "C:\Users\MOSAD\AppData\Local\Packages\PythonSoftwareFoundation.Python.3.12_qbz5n2kfra8p0\LocalCache\local-packages\Python312\site-packages\telebot\apihelper.py", line 622, in send_photo
    return _make_request(token, method_url, params=payload, files=files, method='post')
           ^^^^^^^^^^^^^^^^^^^^^^^^^^^^^^^^^^^^^^^^^^^^^^^^^^^^^^^^^^^^^^^^^^^^^^^^^^^^
  File "C:\Users\MOSAD\AppData\Local\Packages\PythonSoftwareFoundation.Python.3.12_qbz5n2kfra8p0\LocalCache\local-packages\Python312\site-packages\telebot\apihelper.py", line 168, in _make_request
    json_result = _check_result(method_name, result)
                  ^^^^^^^^^^^^^^^^^^^^^^^^^^^^^^^^^^
  File "C:\Users\MOSAD\AppData\Local\Packages\PythonSoftwareFoundation.Python.3.12_qbz5n2kfra8p0\LocalCache\local-packages\Python312\site-packages\telebot\apihelper.py", line 197, in _check_result
    raise ApiTelegramException(method_name, result, result_json)
telebot.apihelper.ApiTelegramException: A request to the Telegram API was unsuccessful. Error code: 400. Description: Bad Request: can't parse entities: Can't find end of the entity starting at byte offset 344

During handling of the above exception, another exception occurred:

Traceback (most recent call last):
  File "c:\Users\MOSAD\telegram-alibaba-bot\bot.py", line 273, in main
    post_product()
  File "c:\Users\MOSAD\telegram-alibaba-bot\bot.py", line 248, in post_product
    bot.send_message(
  File "C:\Users\MOSAD\AppData\Local\Packages\PythonSoftwareFoundation.Python.3.12_qbz5n2kfra8p0\LocalCache\local-packages\Python312\site-packages\telebot\__init__.py", line 1847, in send_message
    apihelper.send_message(
  File "C:\Users\MOSAD\AppData\Local\Packages\PythonSoftwareFoundation.Python.3.12_qbz5n2kfra8p0\LocalCache\local-packages\Python312\site-packages\telebot\apihelper.py", line 282, in send_message
    return _make_request(token, method_url, params=payload, method='post')
           ^^^^^^^^^^^^^^^^^^^^^^^^^^^^^^^^^^^^^^^^^^^^^^^^^^^^^^^^^^^^^^^
  File "C:\Users\MOSAD\AppData\Local\Packages\PythonSoftwareFoundation.Python.3.12_qbz5n2kfra8p0\LocalCache\local-packages\Python312\site-packages\telebot\apihelper.py", line 168, in _make_request
    json_result = _check_result(method_name, result)
                  ^^^^^^^^^^^^^^^^^^^^^^^^^^^^^^^^^^
  File "C:\Users\MOSAD\AppData\Local\Packages\PythonSoftwareFoundation.Python.3.12_qbz5n2kfra8p0\LocalCache\local-packages\Python312\site-packages\telebot\apihelper.py", line 197, in _check_result
    raise ApiTelegramException(method_name, result, result_json)
telebot.apihelper.ApiTelegramException: A request to the Telegram API was unsuccessful. Error code: 400. Description: Bad Request: can't parse entities: Can't find end of the entity starting at byte offset 344
2026-06-04 20:38:37  INFO      ⏳  Next post in 1 minutes …

2026-06-04 20:39:38  INFO      📊  Feed loaded — 80,212 rows, sep='\t'
2026-06-04 20:39:39  INFO      📤  Posting: Original LCD For Huawei Honor 9 Display Touch Screen with Fr (id=62176032277)
2026-06-04 20:39:39  WARNING   ⚠️  Image failed (A request to the Telegram API was unsuccessful. Error code: 400. Description: Bad Request: can't parse entities: Can't find end of the entity starting at byte offset 399), retrying as text-only …
2026-06-04 20:39:39  ERROR     ❌  Unexpected error: A request to the Telegram API was unsuccessful. Error code: 400. Description: Bad Request: can't parse entities: Can't find end of the entity starting at byte offset 399
Traceback (most recent call last):
  File "c:\Users\MOSAD\telegram-alibaba-bot\bot.py", line 226, in post_product
    bot.send_photo(
  File "C:\Users\MOSAD\AppData\Local\Packages\PythonSoftwareFoundation.Python.3.12_qbz5n2kfra8p0\LocalCache\local-packages\Python312\site-packages\telebot\__init__.py", line 2557, in send_photo
    apihelper.send_photo(
  File "C:\Users\MOSAD\AppData\Local\Packages\PythonSoftwareFoundation.Python.3.12_qbz5n2kfra8p0\LocalCache\local-packages\Python312\site-packages\telebot\apihelper.py", line 622, in send_photo
    return _make_request(token, method_url, params=payload, files=files, method='post')
           ^^^^^^^^^^^^^^^^^^^^^^^^^^^^^^^^^^^^^^^^^^^^^^^^^^^^^^^^^^^^^^^^^^^^^^^^^^^^
  File "C:\Users\MOSAD\AppData\Local\Packages\PythonSoftwareFoundation.Python.3.12_qbz5n2kfra8p0\LocalCache\local-packages\Python312\site-packages\telebot\apihelper.py", line 168, in _make_request
    json_result = _check_result(method_name, result)
                  ^^^^^^^^^^^^^^^^^^^^^^^^^^^^^^^^^^
  File "C:\Users\MOSAD\AppData\Local\Packages\PythonSoftwareFoundation.Python.3.12_qbz5n2kfra8p0\LocalCache\local-packages\Python312\site-packages\telebot\apihelper.py", line 197, in _check_result
    raise ApiTelegramException(method_name, result, result_json)
telebot.apihelper.ApiTelegramException: A request to the Telegram API was unsuccessful. Error code: 400. Description: Bad Request: can't parse entities: Can't find end of the entity starting at byte offset 399

During handling of the above exception, another exception occurred:

Traceback (most recent call last):
  File "c:\Users\MOSAD\telegram-alibaba-bot\bot.py", line 273, in main
    post_product()
  File "c:\Users\MOSAD\telegram-alibaba-bot\bot.py", line 248, in post_product
    bot.send_message(
  File "C:\Users\MOSAD\AppData\Local\Packages\PythonSoftwareFoundation.Python.3.12_qbz5n2kfra8p0\LocalCache\local-packages\Python312\site-packages\telebot\__init__.py", line 1847, in send_message
    apihelper.send_message(
  File "C:\Users\MOSAD\AppData\Local\Packages\PythonSoftwareFoundation.Python.3.12_qbz5n2kfra8p0\LocalCache\local-packages\Python312\site-packages\telebot\apihelper.py", line 282, in send_message
    return _make_request(token, method_url, params=payload, method='post')
           ^^^^^^^^^^^^^^^^^^^^^^^^^^^^^^^^^^^^^^^^^^^^^^^^^^^^^^^^^^^^^^^
  File "C:\Users\MOSAD\AppData\Local\Packages\PythonSoftwareFoundation.Python.3.12_qbz5n2kfra8p0\LocalCache\local-packages\Python312\site-packages\telebot\apihelper.py", line 168, in _make_request
    json_result = _check_result(method_name, result)
                  ^^^^^^^^^^^^^^^^^^^^^^^^^^^^^^^^^^
  File "C:\Users\MOSAD\AppData\Local\Packages\PythonSoftwareFoundation.Python.3.12_qbz5n2kfra8p0\LocalCache\local-packages\Python312\site-packages\telebot\apihelper.py", line 197, in _check_result
    raise ApiTelegramException(method_name, result, result_json)
telebot.apihelper.ApiTelegramException: A request to the Telegram API was unsuccessful. Error code: 400. Description: Bad Request: can't parse entities: Can't find end of the entity starting at byte offset 399
2026-06-04 20:39:40  INFO      ⏳  Next post in 1 minutes …

2026-06-04 20:40:17  INFO      =======================================================
2026-06-04 20:40:17  INFO        🚀  Admitad Telegram Bot  —  Starting …
2026-06-04 20:40:17  INFO        Channel  : @NEYME15
2026-06-04 20:40:17  INFO        Interval : 0 min
2026-06-04 20:40:17  INFO      =======================================================
2026-06-04 20:40:17  INFO      ⬇️   Downloading product feed …
2026-06-04 20:41:32  INFO      ✅  Feed saved  (46,470,122 bytes)
2026-06-04 20:41:34  INFO      📊  Feed loaded — 80,212 rows, sep='\t'
2026-06-04 20:41:34  INFO      📤  Posting: new product 2020 mushroom light USB charger wireless charger (id=62442607657)
2026-06-04 20:41:35  WARNING   ⚠️  Image failed (A request to the Telegram API was unsuccessful. Error code: 400. Description: Bad Request: can't parse entities: Can't find end of the entity starting at byte offset 370), retrying as text-only …
2026-06-04 20:41:36  ERROR     ❌  Unexpected error: A request to the Telegram API was unsuccessful. Error code: 400. Description: Bad Request: can't parse entities: Can't find end of the entity starting at byte offset 370
Traceback (most recent call last):
  File "c:\Users\MOSAD\telegram-alibaba-bot\bot.py", line 226, in post_product
    bot.send_photo(
  File "C:\Users\MOSAD\AppData\Local\Packages\PythonSoftwareFoundation.Python.3.12_qbz5n2kfra8p0\LocalCache\local-packages\Python312\site-packages\telebot\__init__.py", line 2557, in send_photo
    apihelper.send_photo(
  File "C:\Users\MOSAD\AppData\Local\Packages\PythonSoftwareFoundation.Python.3.12_qbz5n2kfra8p0\LocalCache\local-packages\Python312\site-packages\telebot\apihelper.py", line 622, in send_photo
    return _make_request(token, method_url, params=payload, files=files, method='post')
           ^^^^^^^^^^^^^^^^^^^^^^^^^^^^^^^^^^^^^^^^^^^^^^^^^^^^^^^^^^^^^^^^^^^^^^^^^^^^
  File "C:\Users\MOSAD\AppData\Local\Packages\PythonSoftwareFoundation.Python.3.12_qbz5n2kfra8p0\LocalCache\local-packages\Python312\site-packages\telebot\apihelper.py", line 168, in _make_request
    json_result = _check_result(method_name, result)
                  ^^^^^^^^^^^^^^^^^^^^^^^^^^^^^^^^^^
  File "C:\Users\MOSAD\AppData\Local\Packages\PythonSoftwareFoundation.Python.3.12_qbz5n2kfra8p0\LocalCache\local-packages\Python312\site-packages\telebot\apihelper.py", line 197, in _check_result
    raise ApiTelegramException(method_name, result, result_json)
telebot.apihelper.ApiTelegramException: A request to the Telegram API was unsuccessful. Error code: 400. Description: Bad Request: can't parse entities: Can't find end of the entity starting at byte offset 370

During handling of the above exception, another exception occurred:

Traceback (most recent call last):
  File "c:\Users\MOSAD\telegram-alibaba-bot\bot.py", line 273, in main
    post_product()
  File "c:\Users\MOSAD\telegram-alibaba-bot\bot.py", line 248, in post_product
    bot.send_message(
  File "C:\Users\MOSAD\AppData\Local\Packages\PythonSoftwareFoundation.Python.3.12_qbz5n2kfra8p0\LocalCache\local-packages\Python312\site-packages\telebot\__init__.py", line 1847, in send_message
    apihelper.send_message(
  File "C:\Users\MOSAD\AppData\Local\Packages\PythonSoftwareFoundation.Python.3.12_qbz5n2kfra8p0\LocalCache\local-packages\Python312\site-packages\telebot\apihelper.py", line 282, in send_message
    return _make_request(token, method_url, params=payload, method='post')
           ^^^^^^^^^^^^^^^^^^^^^^^^^^^^^^^^^^^^^^^^^^^^^^^^^^^^^^^^^^^^^^^
  File "C:\Users\MOSAD\AppData\Local\Packages\PythonSoftwareFoundation.Python.3.12_qbz5n2kfra8p0\LocalCache\local-packages\Python312\site-packages\telebot\apihelper.py", line 168, in _make_request
    json_result = _check_result(method_name, result)
                  ^^^^^^^^^^^^^^^^^^^^^^^^^^^^^^^^^^
  File "C:\Users\MOSAD\AppData\Local\Packages\PythonSoftwareFoundation.Python.3.12_qbz5n2kfra8p0\LocalCache\local-packages\Python312\site-packages\telebot\apihelper.py", line 197, in _check_result
    raise ApiTelegramException(method_name, result, result_json)
telebot.apihelper.ApiTelegramException: A request to the Telegram API was unsuccessful. Error code: 400. Description: Bad Request: can't parse entities: Can't find end of the entity starting at byte offset 370
2026-06-04 20:41:36  INFO      ⏳  Next post in 0 minutes …

2026-06-04 20:41:42  INFO      📊  Feed loaded — 80,212 rows, sep='\t'
2026-06-04 20:41:42  INFO      📤  Posting: New Design MOQ 50pcs popping phone socket grip with custom l (id=62278000886)
2026-06-04 20:41:42  WARNING   ⚠️  Image failed (A request to the Telegram API was unsuccessful. Error code: 400. Description: Bad Request: can't parse entities: Can't find end of the entity starting at byte offset 339), retrying as text-only …
2026-06-04 20:41:42  ERROR     ❌  Unexpected error: A request to the Telegram API was unsuccessful. Error code: 400. Description: Bad Request: can't parse entities: Can't find end of the entity starting at byte offset 339
Traceback (most recent call last):
  File "c:\Users\MOSAD\telegram-alibaba-bot\bot.py", line 226, in post_product
    bot.send_photo(
  File "C:\Users\MOSAD\AppData\Local\Packages\PythonSoftwareFoundation.Python.3.12_qbz5n2kfra8p0\LocalCache\local-packages\Python312\site-packages\telebot\__init__.py", line 2557, in send_photo
    apihelper.send_photo(
  File "C:\Users\MOSAD\AppData\Local\Packages\PythonSoftwareFoundation.Python.3.12_qbz5n2kfra8p0\LocalCache\local-packages\Python312\site-packages\telebot\apihelper.py", line 622, in send_photo
    return _make_request(token, method_url, params=payload, files=files, method='post')
           ^^^^^^^^^^^^^^^^^^^^^^^^^^^^^^^^^^^^^^^^^^^^^^^^^^^^^^^^^^^^^^^^^^^^^^^^^^^^
  File "C:\Users\MOSAD\AppData\Local\Packages\PythonSoftwareFoundation.Python.3.12_qbz5n2kfra8p0\LocalCache\local-packages\Python312\site-packages\telebot\apihelper.py", line 168, in _make_request
    json_result = _check_result(method_name, result)
                  ^^^^^^^^^^^^^^^^^^^^^^^^^^^^^^^^^^
  File "C:\Users\MOSAD\AppData\Local\Packages\PythonSoftwareFoundation.Python.3.12_qbz5n2kfra8p0\LocalCache\local-packages\Python312\site-packages\telebot\apihelper.py", line 197, in _check_result
    raise ApiTelegramException(method_name, result, result_json)
telebot.apihelper.ApiTelegramException: A request to the Telegram API was unsuccessful. Error code: 400. Description: Bad Request: can't parse entities: Can't find end of the entity starting at byte offset 339

During handling of the above exception, another exception occurred:

Traceback (most recent call last):
  File "c:\Users\MOSAD\telegram-alibaba-bot\bot.py", line 273, in main
    post_product()
  File "c:\Users\MOSAD\telegram-alibaba-bot\bot.py", line 248, in post_product
    bot.send_message(
  File "C:\Users\MOSAD\AppData\Local\Packages\PythonSoftwareFoundation.Python.3.12_qbz5n2kfra8p0\LocalCache\local-packages\Python312\site-packages\telebot\__init__.py", line 1847, in send_message
    apihelper.send_message(
  File "C:\Users\MOSAD\AppData\Local\Packages\PythonSoftwareFoundation.Python.3.12_qbz5n2kfra8p0\LocalCache\local-packages\Python312\site-packages\telebot\apihelper.py", line 282, in send_message
    return _make_request(token, method_url, params=payload, method='post')
           ^^^^^^^^^^^^^^^^^^^^^^^^^^^^^^^^^^^^^^^^^^^^^^^^^^^^^^^^^^^^^^^
  File "C:\Users\MOSAD\AppData\Local\Packages\PythonSoftwareFoundation.Python.3.12_qbz5n2kfra8p0\LocalCache\local-packages\Python312\site-packages\telebot\apihelper.py", line 168, in _make_request
    json_result = _check_result(method_name, result)
                  ^^^^^^^^^^^^^^^^^^^^^^^^^^^^^^^^^^
  File "C:\Users\MOSAD\AppData\Local\Packages\PythonSoftwareFoundation.Python.3.12_qbz5n2kfra8p0\LocalCache\local-packages\Python312\site-packages\telebot\apihelper.py", line 197, in _check_result
    raise ApiTelegramException(method_name, result, result_json)
telebot.apihelper.ApiTelegramException: A request to the Telegram API was unsuccessful. Error code: 400. Description: Bad Request: can't parse entities: Can't find end of the entity starting at byte offset 339
2026-06-04 20:41:42  INFO      ⏳  Next post in 0 minutes …

2026-06-04 20:41:48  INFO      📊  Feed loaded — 80,212 rows, sep='\t'
2026-06-04 20:41:49  INFO      📤  Posting: 2 in 1 Mini adapter for iphone X/XS/XR/XS MAX ,Android ,Type (id=60786603553)
2026-06-04 20:41:49  WARNING   ⚠️  Image failed (A request to the Telegram API was unsuccessful. Error code: 400. Description: Bad Request: can't parse entities: Can't find end of the entity starting at byte offset 359), retrying as text-only …
2026-06-04 20:41:49  ERROR     ❌  Unexpected error: A request to the Telegram API was unsuccessful. Error code: 400. Description: Bad Request: can't parse entities: Can't find end of the entity starting at byte offset 359
Traceback (most recent call last):
  File "c:\Users\MOSAD\telegram-alibaba-bot\bot.py", line 226, in post_product
    bot.send_photo(
  File "C:\Users\MOSAD\AppData\Local\Packages\PythonSoftwareFoundation.Python.3.12_qbz5n2kfra8p0\LocalCache\local-packages\Python312\site-packages\telebot\__init__.py", line 2557, in send_photo
    apihelper.send_photo(
  File "C:\Users\MOSAD\AppData\Local\Packages\PythonSoftwareFoundation.Python.3.12_qbz5n2kfra8p0\LocalCache\local-packages\Python312\site-packages\telebot\apihelper.py", line 622, in send_photo
    return _make_request(token, method_url, params=payload, files=files, method='post')
           ^^^^^^^^^^^^^^^^^^^^^^^^^^^^^^^^^^^^^^^^^^^^^^^^^^^^^^^^^^^^^^^^^^^^^^^^^^^^
  File "C:\Users\MOSAD\AppData\Local\Packages\PythonSoftwareFoundation.Python.3.12_qbz5n2kfra8p0\LocalCache\local-packages\Python312\site-packages\telebot\apihelper.py", line 168, in _make_request
    json_result = _check_result(method_name, result)
                  ^^^^^^^^^^^^^^^^^^^^^^^^^^^^^^^^^^
  File "C:\Users\MOSAD\AppData\Local\Packages\PythonSoftwareFoundation.Python.3.12_qbz5n2kfra8p0\LocalCache\local-packages\Python312\site-packages\telebot\apihelper.py", line 197, in _check_result
    raise ApiTelegramException(method_name, result, result_json)
telebot.apihelper.ApiTelegramException: A request to the Telegram API was unsuccessful. Error code: 400. Description: Bad Request: can't parse entities: Can't find end of the entity starting at byte offset 359

During handling of the above exception, another exception occurred:

Traceback (most recent call last):
  File "c:\Users\MOSAD\telegram-alibaba-bot\bot.py", line 273, in main
    post_product()
  File "c:\Users\MOSAD\telegram-alibaba-bot\bot.py", line 248, in post_product
    bot.send_message(
  File "C:\Users\MOSAD\AppData\Local\Packages\PythonSoftwareFoundation.Python.3.12_qbz5n2kfra8p0\LocalCache\local-packages\Python312\site-packages\telebot\__init__.py", line 1847, in send_message
    apihelper.send_message(
  File "C:\Users\MOSAD\AppData\Local\Packages\PythonSoftwareFoundation.Python.3.12_qbz5n2kfra8p0\LocalCache\local-packages\Python312\site-packages\telebot\apihelper.py", line 282, in send_message
    return _make_request(token, method_url, params=payload, method='post')
           ^^^^^^^^^^^^^^^^^^^^^^^^^^^^^^^^^^^^^^^^^^^^^^^^^^^^^^^^^^^^^^^
  File "C:\Users\MOSAD\AppData\Local\Packages\PythonSoftwareFoundation.Python.3.12_qbz5n2kfra8p0\LocalCache\local-packages\Python312\site-packages\telebot\apihelper.py", line 168, in _make_request
    json_result = _check_result(method_name, result)
                  ^^^^^^^^^^^^^^^^^^^^^^^^^^^^^^^^^^
  File "C:\Users\MOSAD\AppData\Local\Packages\PythonSoftwareFoundation.Python.3.12_qbz5n2kfra8p0\LocalCache\local-packages\Python312\site-packages\telebot\apihelper.py", line 197, in _check_result
    raise ApiTelegramException(method_name, result, result_json)
telebot.apihelper.ApiTelegramException: A request to the Telegram API was unsuccessful. Error code: 400. Description: Bad Request: can't parse entities: Can't find end of the entity starting at byte offset 359
2026-06-04 20:41:49  INFO      ⏳  Next post in 0 minutes …

2026-06-04 20:41:55  INFO      📊  Feed loaded — 80,212 rows, sep='\t'
2026-06-04 20:41:55  INFO      📤  Posting: Quick Charge 3.0 3 USB QC 3.0 Fast Charging Wall Charger Sam (id=62013084094)
2026-06-04 20:41:56  WARNING   ⚠️  Image failed (A request to the Telegram API was unsuccessful. Error code: 400. Description: Bad Request: can't parse entities: Can't find end of the entity starting at byte offset 376), retrying as text-only …
2026-06-04 20:41:56  ERROR     ❌  Unexpected error: A request to the Telegram API was unsuccessful. Error code: 400. Description: Bad Request: can't parse entities: Can't find end of the entity starting at byte offset 376
Traceback (most recent call last):
  File "c:\Users\MOSAD\telegram-alibaba-bot\bot.py", line 226, in post_product
    bot.send_photo(
  File "C:\Users\MOSAD\AppData\Local\Packages\PythonSoftwareFoundation.Python.3.12_qbz5n2kfra8p0\LocalCache\local-packages\Python312\site-packages\telebot\__init__.py", line 2557, in send_photo
    apihelper.send_photo(
  File "C:\Users\MOSAD\AppData\Local\Packages\PythonSoftwareFoundation.Python.3.12_qbz5n2kfra8p0\LocalCache\local-packages\Python312\site-packages\telebot\apihelper.py", line 622, in send_photo
    return _make_request(token, method_url, params=payload, files=files, method='post')
           ^^^^^^^^^^^^^^^^^^^^^^^^^^^^^^^^^^^^^^^^^^^^^^^^^^^^^^^^^^^^^^^^^^^^^^^^^^^^
  File "C:\Users\MOSAD\AppData\Local\Packages\PythonSoftwareFoundation.Python.3.12_qbz5n2kfra8p0\LocalCache\local-packages\Python312\site-packages\telebot\apihelper.py", line 168, in _make_request
    json_result = _check_result(method_name, result)
                  ^^^^^^^^^^^^^^^^^^^^^^^^^^^^^^^^^^
  File "C:\Users\MOSAD\AppData\Local\Packages\PythonSoftwareFoundation.Python.3.12_qbz5n2kfra8p0\LocalCache\local-packages\Python312\site-packages\telebot\apihelper.py", line 197, in _check_result
    raise ApiTelegramException(method_name, result, result_json)
telebot.apihelper.ApiTelegramException: A request to the Telegram API was unsuccessful. Error code: 400. Description: Bad Request: can't parse entities: Can't find end of the entity starting at byte offset 376

During handling of the above exception, another exception occurred:

Traceback (most recent call last):
  File "c:\Users\MOSAD\telegram-alibaba-bot\bot.py", line 273, in main
    post_product()
  File "c:\Users\MOSAD\telegram-alibaba-bot\bot.py", line 248, in post_product
    bot.send_message(
  File "C:\Users\MOSAD\AppData\Local\Packages\PythonSoftwareFoundation.Python.3.12_qbz5n2kfra8p0\LocalCache\local-packages\Python312\site-packages\telebot\__init__.py", line 1847, in send_message
    apihelper.send_message(
  File "C:\Users\MOSAD\AppData\Local\Packages\PythonSoftwareFoundation.Python.3.12_qbz5n2kfra8p0\LocalCache\local-packages\Python312\site-packages\telebot\apihelper.py", line 282, in send_message
    return _make_request(token, method_url, params=payload, method='post')
           ^^^^^^^^^^^^^^^^^^^^^^^^^^^^^^^^^^^^^^^^^^^^^^^^^^^^^^^^^^^^^^^
  File "C:\Users\MOSAD\AppData\Local\Packages\PythonSoftwareFoundation.Python.3.12_qbz5n2kfra8p0\LocalCache\local-packages\Python312\site-packages\telebot\apihelper.py", line 168, in _make_request
    json_result = _check_result(method_name, result)
                  ^^^^^^^^^^^^^^^^^^^^^^^^^^^^^^^^^^
  File "C:\Users\MOSAD\AppData\Local\Packages\PythonSoftwareFoundation.Python.3.12_qbz5n2kfra8p0\LocalCache\local-packages\Python312\site-packages\telebot\apihelper.py", line 197, in _check_result
    raise ApiTelegramException(method_name, result, result_json)
telebot.apihelper.ApiTelegramException: A request to the Telegram API was unsuccessful. Error code: 400. Description: Bad Request: can't parse entities: Can't find end of the entity starting at byte offset 376
2026-06-04 20:41:56  INFO      ⏳  Next post in 0 minutes …

2026-06-04 20:42:02  INFO      📊  Feed loaded — 80,212 rows, sep='\t'
2026-06-04 20:42:02  INFO      📤  Posting: Wholesale Brand G20 Mobile Hard Disk 1t 3.0 Hard Disk 2tb US (id=62249302304)
2026-06-04 20:42:03  WARNING   ⚠️  Image failed (A request to the Telegram API was unsuccessful. Error code: 400. Description: Bad Request: can't parse entities: Can't find end of the entity starting at byte offset 369), retrying as text-only …
2026-06-04 20:42:03  ERROR     ❌  Unexpected error: A request to the Telegram API was unsuccessful. Error code: 400. Description: Bad Request: can't parse entities: Can't find end of the entity starting at byte offset 369
Traceback (most recent call last):
  File "c:\Users\MOSAD\telegram-alibaba-bot\bot.py", line 226, in post_product
    bot.send_photo(
  File "C:\Users\MOSAD\AppData\Local\Packages\PythonSoftwareFoundation.Python.3.12_qbz5n2kfra8p0\LocalCache\local-packages\Python312\site-packages\telebot\__init__.py", line 2557, in send_photo
    apihelper.send_photo(
  File "C:\Users\MOSAD\AppData\Local\Packages\PythonSoftwareFoundation.Python.3.12_qbz5n2kfra8p0\LocalCache\local-packages\Python312\site-packages\telebot\apihelper.py", line 622, in send_photo
    return _make_request(token, method_url, params=payload, files=files, method='post')
           ^^^^^^^^^^^^^^^^^^^^^^^^^^^^^^^^^^^^^^^^^^^^^^^^^^^^^^^^^^^^^^^^^^^^^^^^^^^^
  File "C:\Users\MOSAD\AppData\Local\Packages\PythonSoftwareFoundation.Python.3.12_qbz5n2kfra8p0\LocalCache\local-packages\Python312\site-packages\telebot\apihelper.py", line 168, in _make_request
    json_result = _check_result(method_name, result)
                  ^^^^^^^^^^^^^^^^^^^^^^^^^^^^^^^^^^
  File "C:\Users\MOSAD\AppData\Local\Packages\PythonSoftwareFoundation.Python.3.12_qbz5n2kfra8p0\LocalCache\local-packages\Python312\site-packages\telebot\apihelper.py", line 197, in _check_result
    raise ApiTelegramException(method_name, result, result_json)
telebot.apihelper.ApiTelegramException: A request to the Telegram API was unsuccessful. Error code: 400. Description: Bad Request: can't parse entities: Can't find end of the entity starting at byte offset 369

During handling of the above exception, another exception occurred:

Traceback (most recent call last):
  File "c:\Users\MOSAD\telegram-alibaba-bot\bot.py", line 273, in main
    post_product()
  File "c:\Users\MOSAD\telegram-alibaba-bot\bot.py", line 248, in post_product
    bot.send_message(
  File "C:\Users\MOSAD\AppData\Local\Packages\PythonSoftwareFoundation.Python.3.12_qbz5n2kfra8p0\LocalCache\local-packages\Python312\site-packages\telebot\__init__.py", line 1847, in send_message
    apihelper.send_message(
  File "C:\Users\MOSAD\AppData\Local\Packages\PythonSoftwareFoundation.Python.3.12_qbz5n2kfra8p0\LocalCache\local-packages\Python312\site-packages\telebot\apihelper.py", line 282, in send_message
    return _make_request(token, method_url, params=payload, method='post')
           ^^^^^^^^^^^^^^^^^^^^^^^^^^^^^^^^^^^^^^^^^^^^^^^^^^^^^^^^^^^^^^^
  File "C:\Users\MOSAD\AppData\Local\Packages\PythonSoftwareFoundation.Python.3.12_qbz5n2kfra8p0\LocalCache\local-packages\Python312\site-packages\telebot\apihelper.py", line 168, in _make_request
    json_result = _check_result(method_name, result)
                  ^^^^^^^^^^^^^^^^^^^^^^^^^^^^^^^^^^
  File "C:\Users\MOSAD\AppData\Local\Packages\PythonSoftwareFoundation.Python.3.12_qbz5n2kfra8p0\LocalCache\local-packages\Python312\site-packages\telebot\apihelper.py", line 197, in _check_result
    raise ApiTelegramException(method_name, result, result_json)
telebot.apihelper.ApiTelegramException: A request to the Telegram API was unsuccessful. Error code: 400. Description: Bad Request: can't parse entities: Can't find end of the entity starting at byte offset 369
2026-06-04 20:42:03  INFO      ⏳  Next post in 0 minutes …

2026-06-04 20:42:09  INFO      📊  Feed loaded — 80,212 rows, sep='\t'
2026-06-04 20:42:09  INFO      📤  Posting: EAGET 16/32/64/128GB USB 3.0 USB Flash Drive High Speed Pend (id=62037183045)
2026-06-04 20:42:10  WARNING   ⚠️  Image failed (A request to the Telegram API was unsuccessful. Error code: 400. Description: Bad Request: can't parse entities: Can't find end of the entity starting at byte offset 424), retrying as text-only …
2026-06-04 20:42:10  ERROR     ❌  Unexpected error: A request to the Telegram API was unsuccessful. Error code: 400. Description: Bad Request: can't parse entities: Can't find end of the entity starting at byte offset 424
Traceback (most recent call last):
  File "c:\Users\MOSAD\telegram-alibaba-bot\bot.py", line 226, in post_product
    bot.send_photo(
  File "C:\Users\MOSAD\AppData\Local\Packages\PythonSoftwareFoundation.Python.3.12_qbz5n2kfra8p0\LocalCache\local-packages\Python312\site-packages\telebot\__init__.py", line 2557, in send_photo
    apihelper.send_photo(
  File "C:\Users\MOSAD\AppData\Local\Packages\PythonSoftwareFoundation.Python.3.12_qbz5n2kfra8p0\LocalCache\local-packages\Python312\site-packages\telebot\apihelper.py", line 622, in send_photo
    return _make_request(token, method_url, params=payload, files=files, method='post')
           ^^^^^^^^^^^^^^^^^^^^^^^^^^^^^^^^^^^^^^^^^^^^^^^^^^^^^^^^^^^^^^^^^^^^^^^^^^^^
  File "C:\Users\MOSAD\AppData\Local\Packages\PythonSoftwareFoundation.Python.3.12_qbz5n2kfra8p0\LocalCache\local-packages\Python312\site-packages\telebot\apihelper.py", line 168, in _make_request
    json_result = _check_result(method_name, result)
                  ^^^^^^^^^^^^^^^^^^^^^^^^^^^^^^^^^^
  File "C:\Users\MOSAD\AppData\Local\Packages\PythonSoftwareFoundation.Python.3.12_qbz5n2kfra8p0\LocalCache\local-packages\Python312\site-packages\telebot\apihelper.py", line 197, in _check_result
    raise ApiTelegramException(method_name, result, result_json)
telebot.apihelper.ApiTelegramException: A request to the Telegram API was unsuccessful. Error code: 400. Description: Bad Request: can't parse entities: Can't find end of the entity starting at byte offset 424

During handling of the above exception, another exception occurred:

Traceback (most recent call last):
  File "c:\Users\MOSAD\telegram-alibaba-bot\bot.py", line 273, in main
    post_product()
  File "c:\Users\MOSAD\telegram-alibaba-bot\bot.py", line 248, in post_product
    bot.send_message(
  File "C:\Users\MOSAD\AppData\Local\Packages\PythonSoftwareFoundation.Python.3.12_qbz5n2kfra8p0\LocalCache\local-packages\Python312\site-packages\telebot\__init__.py", line 1847, in send_message
    apihelper.send_message(
  File "C:\Users\MOSAD\AppData\Local\Packages\PythonSoftwareFoundation.Python.3.12_qbz5n2kfra8p0\LocalCache\local-packages\Python312\site-packages\telebot\apihelper.py", line 282, in send_message
    return _make_request(token, method_url, params=payload, method='post')
           ^^^^^^^^^^^^^^^^^^^^^^^^^^^^^^^^^^^^^^^^^^^^^^^^^^^^^^^^^^^^^^^
  File "C:\Users\MOSAD\AppData\Local\Packages\PythonSoftwareFoundation.Python.3.12_qbz5n2kfra8p0\LocalCache\local-packages\Python312\site-packages\telebot\apihelper.py", line 168, in _make_request
    json_result = _check_result(method_name, result)
                  ^^^^^^^^^^^^^^^^^^^^^^^^^^^^^^^^^^
  File "C:\Users\MOSAD\AppData\Local\Packages\PythonSoftwareFoundation.Python.3.12_qbz5n2kfra8p0\LocalCache\local-packages\Python312\site-packages\telebot\apihelper.py", line 197, in _check_result
    raise ApiTelegramException(method_name, result, result_json)
telebot.apihelper.ApiTelegramException: A request to the Telegram API was unsuccessful. Error code: 400. Description: Bad Request: can't parse entities: Can't find end of the entity starting at byte offset 424
2026-06-04 20:42:10  INFO      ⏳  Next post in 0 minutes …

2026-06-04 20:42:16  INFO      📊  Feed loaded — 80,212 rows, sep='\t'
2026-06-04 20:42:16  INFO      📤  Posting: Thermal Label Printer bluetooth barcode Printer Handheld Min (id=60410197191)
2026-06-04 20:42:17  WARNING   ⚠️  Image failed (A request to the Telegram API was unsuccessful. Error code: 400. Description: Bad Request: can't parse entities: Can't find end of the entity starting at byte offset 352), retrying as text-only …
2026-06-04 20:42:17  ERROR     ❌  Unexpected error: A request to the Telegram API was unsuccessful. Error code: 400. Description: Bad Request: can't parse entities: Can't find end of the entity starting at byte offset 352
Traceback (most recent call last):
  File "c:\Users\MOSAD\telegram-alibaba-bot\bot.py", line 226, in post_product
    bot.send_photo(
  File "C:\Users\MOSAD\AppData\Local\Packages\PythonSoftwareFoundation.Python.3.12_qbz5n2kfra8p0\LocalCache\local-packages\Python312\site-packages\telebot\__init__.py", line 2557, in send_photo
    apihelper.send_photo(
  File "C:\Users\MOSAD\AppData\Local\Packages\PythonSoftwareFoundation.Python.3.12_qbz5n2kfra8p0\LocalCache\local-packages\Python312\site-packages\telebot\apihelper.py", line 622, in send_photo
    return _make_request(token, method_url, params=payload, files=files, method='post')
           ^^^^^^^^^^^^^^^^^^^^^^^^^^^^^^^^^^^^^^^^^^^^^^^^^^^^^^^^^^^^^^^^^^^^^^^^^^^^
  File "C:\Users\MOSAD\AppData\Local\Packages\PythonSoftwareFoundation.Python.3.12_qbz5n2kfra8p0\LocalCache\local-packages\Python312\site-packages\telebot\apihelper.py", line 168, in _make_request
    json_result = _check_result(method_name, result)
                  ^^^^^^^^^^^^^^^^^^^^^^^^^^^^^^^^^^
  File "C:\Users\MOSAD\AppData\Local\Packages\PythonSoftwareFoundation.Python.3.12_qbz5n2kfra8p0\LocalCache\local-packages\Python312\site-packages\telebot\apihelper.py", line 197, in _check_result
    raise ApiTelegramException(method_name, result, result_json)
telebot.apihelper.ApiTelegramException: A request to the Telegram API was unsuccessful. Error code: 400. Description: Bad Request: can't parse entities: Can't find end of the entity starting at byte offset 352

During handling of the above exception, another exception occurred:

Traceback (most recent call last):
  File "c:\Users\MOSAD\telegram-alibaba-bot\bot.py", line 273, in main
    post_product()
  File "c:\Users\MOSAD\telegram-alibaba-bot\bot.py", line 248, in post_product
    bot.send_message(
  File "C:\Users\MOSAD\AppData\Local\Packages\PythonSoftwareFoundation.Python.3.12_qbz5n2kfra8p0\LocalCache\local-packages\Python312\site-packages\telebot\__init__.py", line 1847, in send_message
    apihelper.send_message(
  File "C:\Users\MOSAD\AppData\Local\Packages\PythonSoftwareFoundation.Python.3.12_qbz5n2kfra8p0\LocalCache\local-packages\Python312\site-packages\telebot\apihelper.py", line 282, in send_message
    return _make_request(token, method_url, params=payload, method='post')
           ^^^^^^^^^^^^^^^^^^^^^^^^^^^^^^^^^^^^^^^^^^^^^^^^^^^^^^^^^^^^^^^
  File "C:\Users\MOSAD\AppData\Local\Packages\PythonSoftwareFoundation.Python.3.12_qbz5n2kfra8p0\LocalCache\local-packages\Python312\site-packages\telebot\apihelper.py", line 168, in _make_request
    json_result = _check_result(method_name, result)
                  ^^^^^^^^^^^^^^^^^^^^^^^^^^^^^^^^^^
  File "C:\Users\MOSAD\AppData\Local\Packages\PythonSoftwareFoundation.Python.3.12_qbz5n2kfra8p0\LocalCache\local-packages\Python312\site-packages\telebot\apihelper.py", line 197, in _check_result
    raise ApiTelegramException(method_name, result, result_json)
telebot.apihelper.ApiTelegramException: A request to the Telegram API was unsuccessful. Error code: 400. Description: Bad Request: can't parse entities: Can't find end of the entity starting at byte offset 352
2026-06-04 20:42:17  INFO      ⏳  Next post in 0 minutes …

